INFO:sim:172 - Generating IP...
Resolving generics for 'falcondie'...
Applying external generics to 'falcondie'...
Delivering associated files for 'falcondie'...
Delivering EJava files for 'falcondie'...
Generating implementation netlist for 'falcondie'...
INFO:sim - Pre-processing HDL files for 'falcondie'...
Running synthesis for 'falcondie'
Running ngcbuild...
Writing VEO instantiation template for 'falcondie'...
Writing Verilog behavioral simulation model for 'falcondie'...
WARNING:sim - Overwriting existing file
   C:/Users/toto/Documents/project_551/MarioPlus_v2.1/ipcore_dir/tmp/_cg/falcond
   ie/doc/blk_mem_gen_v7_3_vinfo.html with file from view xilinx_documentation
Delivered 1 file into directory
C:/Users/toto/Documents/project_551/MarioPlus_v2.1/ipcore_dir/tmp/_cg/falcondie
Generating ASY schematic symbol...
INFO:sim:949 - Finished generation of ASY schematic symbol.
Generating SYM schematic symbol for 'falcondie'...
Generating metadata file...
Generating ISE project file for 'falcondie'...
Generating ISE project...
XCO file found: falcondie.xco
XMDF file found: falcondie_xmdf.tcl
Adding
C:/Users/toto/Documents/project_551/MarioPlus_v2.1/ipcore_dir/tmp/_cg/falcondie.
asy -view all -origin_type imported
Adding
C:/Users/toto/Documents/project_551/MarioPlus_v2.1/ipcore_dir/tmp/_cg/falcondie.
ngc -view all -origin_type created
Checking file
"C:/Users/toto/Documents/project_551/MarioPlus_v2.1/ipcore_dir/tmp/_cg/falcondie
.ngc" for project device match ...
File
"C:/Users/toto/Documents/project_551/MarioPlus_v2.1/ipcore_dir/tmp/_cg/falcondie
.ngc" device information matches project device.
Adding
C:/Users/toto/Documents/project_551/MarioPlus_v2.1/ipcore_dir/tmp/_cg/falcondie.
sym -view all -origin_type imported
Adding
C:/Users/toto/Documents/project_551/MarioPlus_v2.1/ipcore_dir/tmp/_cg/falcondie.
v -view all -origin_type created
INFO:HDLCompiler:1845 - Analyzing Verilog file
   "C:/Users/toto/Documents/project_551/MarioPlus_v2.1/ipcore_dir/tmp/_cg/falcon
   die.v" into library work
INFO:ProjectMgmt - Parsing design hierarchy completed successfully.
Adding
C:/Users/toto/Documents/project_551/MarioPlus_v2.1/ipcore_dir/tmp/_cg/falcondie.
veo -view all -origin_type imported
INFO:TclTasksC:2116 - The automatic calculation of top has been turned-off.
   Please set the new top explicitly by running the "project set top" command.
   To re-calculate the new top automatically, set the "Auto Implementation Top"
   property to true.
Top level has been set to "/falcondie"
Generating README file...
Generating FLIST file...
INFO:sim:948 - Finished FLIST file generation.
Launching README viewer...
Moving files to output directory...
Finished moving files to output directory
Wrote CGP file for project 'falcondie'.
