C:\Users\toto\Downloads\PONG-master\TEST\TEST.ngc 1429222393
ipcore_dir/DL.ngc 1428629511
ipcore_dir/DR.ngc 1428629829
ipcore_dir/ML.ngc 1428628991
ipcore_dir/MR.ngc 1428630310
ipcore_dir/SL.ngc 1428633086
ipcore_dir/SR.ngc 1428631017
ipcore_dir/KL.ngc 1428634647
ipcore_dir/KR.ngc 1428634779
ipcore_dir/GL.ngc 1428678925
ipcore_dir/GR.ngc 1428678523
ipcore_dir/lighting.ngc 1428974484
ipcore_dir/fireball.ngc 1428718759
ipcore_dir/ground.ngc 1428776295
ipcore_dir/cloud1.ngc 1428954356
ipcore_dir/cloud2.ngc 1428954763
ipcore_dir/grass1.ngc 1428971124
ipcore_dir/grass2.ngc 1428971235
ipcore_dir/mount.ngc 1428954916
ipcore_dir/block1.ngc 1428953291
ipcore_dir/falcon.ngc 1428788598
ipcore_dir/falcontail.ngc 1428793590
ipcore_dir/fighter.ngc 1428802256
ipcore_dir/ds.ngc 1428815283
ipcore_dir/bomb.ngc 1428856229
ipcore_dir/crash.ngc 1428856386
ipcore_dir/hit.ngc 1428888578
ipcore_dir/dsball.ngc 1428891767
ipcore_dir/piece.ngc 1429033974
ipcore_dir/solid.ngc 1428953101
ipcore_dir/question.ngc 1428956509
ipcore_dir/empty.ngc 1429036515
ipcore_dir/helmet.ngc 1429040212
OK
