INFO:sim:172 - Generating IP...
Resolving generics for 'helmet'...
Applying external generics to 'helmet'...
Delivering associated files for 'helmet'...
Delivering EJava files for 'helmet'...
Generating implementation netlist for 'helmet'...
INFO:sim - Pre-processing HDL files for 'helmet'...
Running synthesis for 'helmet'
Running ngcbuild...
Writing VEO instantiation template for 'helmet'...
Writing Verilog behavioral simulation model for 'helmet'...
WARNING:sim - Overwriting existing file
   C:/Users/toto/Downloads/PONG-master/TEST/ipcore_dir/tmp/_cg/helmet/doc/blk_me
   m_gen_v7_3_vinfo.html with file from view xilinx_documentation
Delivered 1 file into directory
C:/Users/toto/Downloads/PONG-master/TEST/ipcore_dir/tmp/_cg/helmet
Generating ASY schematic symbol...
INFO:sim:949 - Finished generation of ASY schematic symbol.
Generating SYM schematic symbol for 'helmet'...
Generating metadata file...
Generating ISE project file for 'helmet'...
Generating ISE project...
XCO file found: helmet.xco
XMDF file found: helmet_xmdf.tcl
Adding C:/Users/toto/Downloads/PONG-master/TEST/ipcore_dir/tmp/_cg/helmet.asy
-view all -origin_type imported
Adding C:/Users/toto/Downloads/PONG-master/TEST/ipcore_dir/tmp/_cg/helmet.ngc
-view all -origin_type created
Checking file
"C:/Users/toto/Downloads/PONG-master/TEST/ipcore_dir/tmp/_cg/helmet.ngc" for
project device match ...
File "C:/Users/toto/Downloads/PONG-master/TEST/ipcore_dir/tmp/_cg/helmet.ngc"
device information matches project device.
Adding C:/Users/toto/Downloads/PONG-master/TEST/ipcore_dir/tmp/_cg/helmet.sym
-view all -origin_type imported
Adding C:/Users/toto/Downloads/PONG-master/TEST/ipcore_dir/tmp/_cg/helmet.v
-view all -origin_type created
INFO:HDLCompiler:1845 - Analyzing Verilog file
   "C:/Users/toto/Downloads/PONG-master/TEST/ipcore_dir/tmp/_cg/helmet.v" into
   library work
INFO:ProjectMgmt - Parsing design hierarchy completed successfully.
Adding C:/Users/toto/Downloads/PONG-master/TEST/ipcore_dir/tmp/_cg/helmet.veo
-view all -origin_type imported
INFO:TclTasksC:2116 - The automatic calculation of top has been turned-off.
   Please set the new top explicitly by running the "project set top" command.
   To re-calculate the new top automatically, set the "Auto Implementation Top"
   property to true.
Top level has been set to "/helmet"
Generating README file...
Generating FLIST file...
INFO:sim:948 - Finished FLIST file generation.
Launching README viewer...
Moving files to output directory...
Finished moving files to output directory
Wrote CGP file for project 'helmet'.
